============================= test session starts =============================
platform win32 -- Python 3.12.6, pytest-9.0.2, pluggy-1.5.0 -- C:\Python312\python.exe
cachedir: .pytest_cache
rootdir: C:\Users\PC\OneDrive\Desktop\inmobiliaria velar\PYTHON-REFLEX
configfile: pyproject.toml
plugins: anyio-3.7.1, timeout-2.4.0
collecting ... collected 7 items

tests/integration/test_servicio_recibos_publicos.py::TestServicioRecibosPublicos::test_registrar_recibo_exitoso ERROR [ 14%]
tests/integration/test_servicio_recibos_publicos.py::TestServicioRecibosPublicos::test_registrar_recibo_dates_invalidas ERROR [ 28%]
tests/integration/test_servicio_recibos_publicos.py::TestServicioRecibosPublicos::test_registrar_recibo_propiedad_inexistente ERROR [ 42%]
tests/integration/test_servicio_recibos_publicos.py::TestServicioRecibosPublicos::test_validaciones_registro ERROR [ 57%]
tests/integration/test_servicio_recibos_publicos.py::TestServicioRecibosPublicos::test_marcar_pagado ERROR [ 71%]
tests/integration/test_servicio_recibos_publicos.py::TestServicioRecibosPublicos::test_verificar_vencimientos ERROR [ 85%]
tests/integration/test_servicio_recibos_publicos.py::TestServicioRecibosPublicos::test_obtener_resumen ERROR [100%]

=================================== ERRORS ====================================
_ ERROR at setup of TestServicioRecibosPublicos.test_registrar_recibo_exitoso _

tmp_path = WindowsPath('C:/Users/PC/AppData/Local/Temp/pytest-of-PC/pytest-2/test_registrar_recibo_exitoso0')

    @pytest.fixture
    def db_manager(tmp_path):
        db_file = tmp_path / "test_servicio.db"
        # Reiniciar Singleton para test
        DatabaseManager._instance = None
        import src.infraestructura.persistencia.database as db_module
        db_module.USE_POSTGRESQL = False
        db_module.DB_MODE = 'sqlite'
    
>       manager = DatabaseManager()
                  ^^^^^^^^^^^^^^^^^

tests\integration\test_servicio_recibos_publicos.py:48: 
_ _ _ _ _ _ _ _ _ _ _ _ _ _ _ _ _ _ _ _ _ _ _ _ _ _ _ _ _ _ _ _ _ _ _ _ _ _ _ _
src\infraestructura\persistencia\database.py:139: in __init__
    config = obtener_configuracion()
             ^^^^^^^^^^^^^^^^^^^^^^^
src\infraestructura\configuracion\settings.py:118: in obtener_configuracion
    _settings_instance = Settings()
                         ^^^^^^^^^^
_ _ _ _ _ _ _ _ _ _ _ _ _ _ _ _ _ _ _ _ _ _ _ _ _ _ _ _ _ _ _ _ _ _ _ _ _ _ _ _

__pydantic_self__ = Settings(), _case_sensitive = None
_nested_model_default_partial_update = None, _env_prefix = None
_env_file = WindowsPath('.'), _env_file_encoding = None
_env_ignore_empty = None, _env_nested_delimiter = None
_env_nested_max_split = None, _env_parse_none_str = None
_env_parse_enums = None, _cli_prog_name = None, _cli_parse_args = None
_cli_settings_source = None, _cli_parse_none_str = None
_cli_hide_none_type = None, _cli_avoid_json = None, _cli_enforce_required = None
_cli_use_class_docs_for_groups = None, _cli_exit_on_error = None
_cli_prefix = None, _cli_flag_prefix_char = None, _cli_implicit_flags = None
_cli_ignore_unknown_args = None, _cli_kebab_case = None, _cli_shortcuts = None
_secrets_dir = None, values = {}

    def __init__(
        __pydantic_self__,
        _case_sensitive: bool | None = None,
        _nested_model_default_partial_update: bool | None = None,
        _env_prefix: str | None = None,
        _env_file: DotenvType | None = ENV_FILE_SENTINEL,
        _env_file_encoding: str | None = None,
        _env_ignore_empty: bool | None = None,
        _env_nested_delimiter: str | None = None,
        _env_nested_max_split: int | None = None,
        _env_parse_none_str: str | None = None,
        _env_parse_enums: bool | None = None,
        _cli_prog_name: str | None = None,
        _cli_parse_args: bool | list[str] | tuple[str, ...] | None = None,
        _cli_settings_source: CliSettingsSource[Any] | None = None,
        _cli_parse_none_str: str | None = None,
        _cli_hide_none_type: bool | None = None,
        _cli_avoid_json: bool | None = None,
        _cli_enforce_required: bool | None = None,
        _cli_use_class_docs_for_groups: bool | None = None,
        _cli_exit_on_error: bool | None = None,
        _cli_prefix: str | None = None,
        _cli_flag_prefix_char: str | None = None,
        _cli_implicit_flags: bool | None = None,
        _cli_ignore_unknown_args: bool | None = None,
        _cli_kebab_case: bool | None = None,
        _cli_shortcuts: Mapping[str, str | list[str]] | None = None,
        _secrets_dir: PathType | None = None,
        **values: Any,
    ) -> None:
>       super().__init__(
            **__pydantic_self__._settings_build_values(
                values,
                _case_sensitive=_case_sensitive,
                _nested_model_default_partial_update=_nested_model_default_partial_update,
                _env_prefix=_env_prefix,
                _env_file=_env_file,
                _env_file_encoding=_env_file_encoding,
                _env_ignore_empty=_env_ignore_empty,
                _env_nested_delimiter=_env_nested_delimiter,
                _env_nested_max_split=_env_nested_max_split,
                _env_parse_none_str=_env_parse_none_str,
                _env_parse_enums=_env_parse_enums,
                _cli_prog_name=_cli_prog_name,
                _cli_parse_args=_cli_parse_args,
                _cli_settings_source=_cli_settings_source,
                _cli_parse_none_str=_cli_parse_none_str,
                _cli_hide_none_type=_cli_hide_none_type,
                _cli_avoid_json=_cli_avoid_json,
                _cli_enforce_required=_cli_enforce_required,
                _cli_use_class_docs_for_groups=_cli_use_class_docs_for_groups,
                _cli_exit_on_error=_cli_exit_on_error,
                _cli_prefix=_cli_prefix,
                _cli_flag_prefix_char=_cli_flag_prefix_char,
                _cli_implicit_flags=_cli_implicit_flags,
                _cli_ignore_unknown_args=_cli_ignore_unknown_args,
                _cli_kebab_case=_cli_kebab_case,
                _cli_shortcuts=_cli_shortcuts,
                _secrets_dir=_secrets_dir,
            )
        )
E       pydantic_core._pydantic_core.ValidationError: 11 validation errors for Settings
E       db_host
E         Extra inputs are not permitted [type=extra_forbidden, input_value='localhost', input_type=str]
E           For further information visit https://errors.pydantic.dev/2.12/v/extra_forbidden
E       db_port
E         Extra inputs are not permitted [type=extra_forbidden, input_value='5432', input_type=str]
E           For further information visit https://errors.pydantic.dev/2.12/v/extra_forbidden
E       db_name
E         Extra inputs are not permitted [type=extra_forbidden, input_value='db_inmo_velar', input_type=str]
E           For further information visit https://errors.pydantic.dev/2.12/v/extra_forbidden
E       db_user
E         Extra inputs are not permitted [type=extra_forbidden, input_value='postgres', input_type=str]
E           For further information visit https://errors.pydantic.dev/2.12/v/extra_forbidden
E       db_password
E         Extra inputs are not permitted [type=extra_forbidden, input_value='7323', input_type=str]
E           For further information visit https://errors.pydantic.dev/2.12/v/extra_forbidden
E       db_connect_timeout
E         Extra inputs are not permitted [type=extra_forbidden, input_value='10', input_type=str]
E           For further information visit https://errors.pydantic.dev/2.12/v/extra_forbidden
E       db_application_name
E         Extra inputs are not permitted [type=extra_forbidden, input_value='InmobiliariaVelar', input_type=str]
E           For further information visit https://errors.pydantic.dev/2.12/v/extra_forbidden
E       db_pool_min
E         Extra inputs are not permitted [type=extra_forbidden, input_value='1', input_type=str]
E           For further information visit https://errors.pydantic.dev/2.12/v/extra_forbidden
E       db_pool_max
E         Extra inputs are not permitted [type=extra_forbidden, input_value='10', input_type=str]
E           For further information visit https://errors.pydantic.dev/2.12/v/extra_forbidden
E       db_mode
E         Extra inputs are not permitted [type=extra_forbidden, input_value='postgresql', input_type=str]
E           For further information visit https://errors.pydantic.dev/2.12/v/extra_forbidden
E       database_path_legacy
E         Extra inputs are not permitted [type=extra_forbidden, input_value='migraciones/DB_Inmo_Velar.db', input_type=str]
E           For further information visit https://errors.pydantic.dev/2.12/v/extra_forbidden

C:\Users\PC\AppData\Roaming\Python\Python312\site-packages\pydantic_settings\main.py:193: ValidationError
_ ERROR at setup of TestServicioRecibosPublicos.test_registrar_recibo_dates_invalidas _

tmp_path = WindowsPath('C:/Users/PC/AppData/Local/Temp/pytest-of-PC/pytest-2/test_registrar_recibo_dates_in0')

    @pytest.fixture
    def db_manager(tmp_path):
        db_file = tmp_path / "test_servicio.db"
        # Reiniciar Singleton para test
        DatabaseManager._instance = None
        import src.infraestructura.persistencia.database as db_module
        db_module.USE_POSTGRESQL = False
        db_module.DB_MODE = 'sqlite'
    
>       manager = DatabaseManager()
                  ^^^^^^^^^^^^^^^^^

tests\integration\test_servicio_recibos_publicos.py:48: 
_ _ _ _ _ _ _ _ _ _ _ _ _ _ _ _ _ _ _ _ _ _ _ _ _ _ _ _ _ _ _ _ _ _ _ _ _ _ _ _
src\infraestructura\persistencia\database.py:139: in __init__
    config = obtener_configuracion()
             ^^^^^^^^^^^^^^^^^^^^^^^
src\infraestructura\configuracion\settings.py:118: in obtener_configuracion
    _settings_instance = Settings()
                         ^^^^^^^^^^
_ _ _ _ _ _ _ _ _ _ _ _ _ _ _ _ _ _ _ _ _ _ _ _ _ _ _ _ _ _ _ _ _ _ _ _ _ _ _ _

__pydantic_self__ = Settings(), _case_sensitive = None
_nested_model_default_partial_update = None, _env_prefix = None
_env_file = WindowsPath('.'), _env_file_encoding = None
_env_ignore_empty = None, _env_nested_delimiter = None
_env_nested_max_split = None, _env_parse_none_str = None
_env_parse_enums = None, _cli_prog_name = None, _cli_parse_args = None
_cli_settings_source = None, _cli_parse_none_str = None
_cli_hide_none_type = None, _cli_avoid_json = None, _cli_enforce_required = None
_cli_use_class_docs_for_groups = None, _cli_exit_on_error = None
_cli_prefix = None, _cli_flag_prefix_char = None, _cli_implicit_flags = None
_cli_ignore_unknown_args = None, _cli_kebab_case = None, _cli_shortcuts = None
_secrets_dir = None, values = {}

    def __init__(
        __pydantic_self__,
        _case_sensitive: bool | None = None,
        _nested_model_default_partial_update: bool | None = None,
        _env_prefix: str | None = None,
        _env_file: DotenvType | None = ENV_FILE_SENTINEL,
        _env_file_encoding: str | None = None,
        _env_ignore_empty: bool | None = None,
        _env_nested_delimiter: str | None = None,
        _env_nested_max_split: int | None = None,
        _env_parse_none_str: str | None = None,
        _env_parse_enums: bool | None = None,
        _cli_prog_name: str | None = None,
        _cli_parse_args: bool | list[str] | tuple[str, ...] | None = None,
        _cli_settings_source: CliSettingsSource[Any] | None = None,
        _cli_parse_none_str: str | None = None,
        _cli_hide_none_type: bool | None = None,
        _cli_avoid_json: bool | None = None,
        _cli_enforce_required: bool | None = None,
        _cli_use_class_docs_for_groups: bool | None = None,
        _cli_exit_on_error: bool | None = None,
        _cli_prefix: str | None = None,
        _cli_flag_prefix_char: str | None = None,
        _cli_implicit_flags: bool | None = None,
        _cli_ignore_unknown_args: bool | None = None,
        _cli_kebab_case: bool | None = None,
        _cli_shortcuts: Mapping[str, str | list[str]] | None = None,
        _secrets_dir: PathType | None = None,
        **values: Any,
    ) -> None:
>       super().__init__(
            **__pydantic_self__._settings_build_values(
                values,
                _case_sensitive=_case_sensitive,
                _nested_model_default_partial_update=_nested_model_default_partial_update,
                _env_prefix=_env_prefix,
                _env_file=_env_file,
                _env_file_encoding=_env_file_encoding,
                _env_ignore_empty=_env_ignore_empty,
                _env_nested_delimiter=_env_nested_delimiter,
                _env_nested_max_split=_env_nested_max_split,
                _env_parse_none_str=_env_parse_none_str,
                _env_parse_enums=_env_parse_enums,
                _cli_prog_name=_cli_prog_name,
                _cli_parse_args=_cli_parse_args,
                _cli_settings_source=_cli_settings_source,
                _cli_parse_none_str=_cli_parse_none_str,
                _cli_hide_none_type=_cli_hide_none_type,
                _cli_avoid_json=_cli_avoid_json,
                _cli_enforce_required=_cli_enforce_required,
                _cli_use_class_docs_for_groups=_cli_use_class_docs_for_groups,
                _cli_exit_on_error=_cli_exit_on_error,
                _cli_prefix=_cli_prefix,
                _cli_flag_prefix_char=_cli_flag_prefix_char,
                _cli_implicit_flags=_cli_implicit_flags,
                _cli_ignore_unknown_args=_cli_ignore_unknown_args,
                _cli_kebab_case=_cli_kebab_case,
                _cli_shortcuts=_cli_shortcuts,
                _secrets_dir=_secrets_dir,
            )
        )
E       pydantic_core._pydantic_core.ValidationError: 11 validation errors for Settings
E       db_host
E         Extra inputs are not permitted [type=extra_forbidden, input_value='localhost', input_type=str]
E           For further information visit https://errors.pydantic.dev/2.12/v/extra_forbidden
E       db_port
E         Extra inputs are not permitted [type=extra_forbidden, input_value='5432', input_type=str]
E           For further information visit https://errors.pydantic.dev/2.12/v/extra_forbidden
E       db_name
E         Extra inputs are not permitted [type=extra_forbidden, input_value='db_inmo_velar', input_type=str]
E           For further information visit https://errors.pydantic.dev/2.12/v/extra_forbidden
E       db_user
E         Extra inputs are not permitted [type=extra_forbidden, input_value='postgres', input_type=str]
E           For further information visit https://errors.pydantic.dev/2.12/v/extra_forbidden
E       db_password
E         Extra inputs are not permitted [type=extra_forbidden, input_value='7323', input_type=str]
E           For further information visit https://errors.pydantic.dev/2.12/v/extra_forbidden
E       db_connect_timeout
E         Extra inputs are not permitted [type=extra_forbidden, input_value='10', input_type=str]
E           For further information visit https://errors.pydantic.dev/2.12/v/extra_forbidden
E       db_application_name
E         Extra inputs are not permitted [type=extra_forbidden, input_value='InmobiliariaVelar', input_type=str]
E           For further information visit https://errors.pydantic.dev/2.12/v/extra_forbidden
E       db_pool_min
E         Extra inputs are not permitted [type=extra_forbidden, input_value='1', input_type=str]
E           For further information visit https://errors.pydantic.dev/2.12/v/extra_forbidden
E       db_pool_max
E         Extra inputs are not permitted [type=extra_forbidden, input_value='10', input_type=str]
E           For further information visit https://errors.pydantic.dev/2.12/v/extra_forbidden
E       db_mode
E         Extra inputs are not permitted [type=extra_forbidden, input_value='postgresql', input_type=str]
E           For further information visit https://errors.pydantic.dev/2.12/v/extra_forbidden
E       database_path_legacy
E         Extra inputs are not permitted [type=extra_forbidden, input_value='migraciones/DB_Inmo_Velar.db', input_type=str]
E           For further information visit https://errors.pydantic.dev/2.12/v/extra_forbidden

C:\Users\PC\AppData\Roaming\Python\Python312\site-packages\pydantic_settings\main.py:193: ValidationError
_ ERROR at setup of TestServicioRecibosPublicos.test_registrar_recibo_propiedad_inexistente _

tmp_path = WindowsPath('C:/Users/PC/AppData/Local/Temp/pytest-of-PC/pytest-2/test_registrar_recibo_propieda0')

    @pytest.fixture
    def db_manager(tmp_path):
        db_file = tmp_path / "test_servicio.db"
        # Reiniciar Singleton para test
        DatabaseManager._instance = None
        import src.infraestructura.persistencia.database as db_module
        db_module.USE_POSTGRESQL = False
        db_module.DB_MODE = 'sqlite'
    
>       manager = DatabaseManager()
                  ^^^^^^^^^^^^^^^^^

tests\integration\test_servicio_recibos_publicos.py:48: 
_ _ _ _ _ _ _ _ _ _ _ _ _ _ _ _ _ _ _ _ _ _ _ _ _ _ _ _ _ _ _ _ _ _ _ _ _ _ _ _
src\infraestructura\persistencia\database.py:139: in __init__
    config = obtener_configuracion()
             ^^^^^^^^^^^^^^^^^^^^^^^
src\infraestructura\configuracion\settings.py:118: in obtener_configuracion
    _settings_instance = Settings()
                         ^^^^^^^^^^
_ _ _ _ _ _ _ _ _ _ _ _ _ _ _ _ _ _ _ _ _ _ _ _ _ _ _ _ _ _ _ _ _ _ _ _ _ _ _ _

__pydantic_self__ = Settings(), _case_sensitive = None
_nested_model_default_partial_update = None, _env_prefix = None
_env_file = WindowsPath('.'), _env_file_encoding = None
_env_ignore_empty = None, _env_nested_delimiter = None
_env_nested_max_split = None, _env_parse_none_str = None
_env_parse_enums = None, _cli_prog_name = None, _cli_parse_args = None
_cli_settings_source = None, _cli_parse_none_str = None
_cli_hide_none_type = None, _cli_avoid_json = None, _cli_enforce_required = None
_cli_use_class_docs_for_groups = None, _cli_exit_on_error = None
_cli_prefix = None, _cli_flag_prefix_char = None, _cli_implicit_flags = None
_cli_ignore_unknown_args = None, _cli_kebab_case = None, _cli_shortcuts = None
_secrets_dir = None, values = {}

    def __init__(
        __pydantic_self__,
        _case_sensitive: bool | None = None,
        _nested_model_default_partial_update: bool | None = None,
        _env_prefix: str | None = None,
        _env_file: DotenvType | None = ENV_FILE_SENTINEL,
        _env_file_encoding: str | None = None,
        _env_ignore_empty: bool | None = None,
        _env_nested_delimiter: str | None = None,
        _env_nested_max_split: int | None = None,
        _env_parse_none_str: str | None = None,
        _env_parse_enums: bool | None = None,
        _cli_prog_name: str | None = None,
        _cli_parse_args: bool | list[str] | tuple[str, ...] | None = None,
        _cli_settings_source: CliSettingsSource[Any] | None = None,
        _cli_parse_none_str: str | None = None,
        _cli_hide_none_type: bool | None = None,
        _cli_avoid_json: bool | None = None,
        _cli_enforce_required: bool | None = None,
        _cli_use_class_docs_for_groups: bool | None = None,
        _cli_exit_on_error: bool | None = None,
        _cli_prefix: str | None = None,
        _cli_flag_prefix_char: str | None = None,
        _cli_implicit_flags: bool | None = None,
        _cli_ignore_unknown_args: bool | None = None,
        _cli_kebab_case: bool | None = None,
        _cli_shortcuts: Mapping[str, str | list[str]] | None = None,
        _secrets_dir: PathType | None = None,
        **values: Any,
    ) -> None:
>       super().__init__(
            **__pydantic_self__._settings_build_values(
                values,
                _case_sensitive=_case_sensitive,
                _nested_model_default_partial_update=_nested_model_default_partial_update,
                _env_prefix=_env_prefix,
                _env_file=_env_file,
                _env_file_encoding=_env_file_encoding,
                _env_ignore_empty=_env_ignore_empty,
                _env_nested_delimiter=_env_nested_delimiter,
                _env_nested_max_split=_env_nested_max_split,
                _env_parse_none_str=_env_parse_none_str,
                _env_parse_enums=_env_parse_enums,
                _cli_prog_name=_cli_prog_name,
                _cli_parse_args=_cli_parse_args,
                _cli_settings_source=_cli_settings_source,
                _cli_parse_none_str=_cli_parse_none_str,
                _cli_hide_none_type=_cli_hide_none_type,
                _cli_avoid_json=_cli_avoid_json,
                _cli_enforce_required=_cli_enforce_required,
                _cli_use_class_docs_for_groups=_cli_use_class_docs_for_groups,
                _cli_exit_on_error=_cli_exit_on_error,
                _cli_prefix=_cli_prefix,
                _cli_flag_prefix_char=_cli_flag_prefix_char,
                _cli_implicit_flags=_cli_implicit_flags,
                _cli_ignore_unknown_args=_cli_ignore_unknown_args,
                _cli_kebab_case=_cli_kebab_case,
                _cli_shortcuts=_cli_shortcuts,
                _secrets_dir=_secrets_dir,
            )
        )
E       pydantic_core._pydantic_core.ValidationError: 11 validation errors for Settings
E       db_host
E         Extra inputs are not permitted [type=extra_forbidden, input_value='localhost', input_type=str]
E           For further information visit https://errors.pydantic.dev/2.12/v/extra_forbidden
E       db_port
E         Extra inputs are not permitted [type=extra_forbidden, input_value='5432', input_type=str]
E           For further information visit https://errors.pydantic.dev/2.12/v/extra_forbidden
E       db_name
E         Extra inputs are not permitted [type=extra_forbidden, input_value='db_inmo_velar', input_type=str]
E           For further information visit https://errors.pydantic.dev/2.12/v/extra_forbidden
E       db_user
E         Extra inputs are not permitted [type=extra_forbidden, input_value='postgres', input_type=str]
E           For further information visit https://errors.pydantic.dev/2.12/v/extra_forbidden
E       db_password
E         Extra inputs are not permitted [type=extra_forbidden, input_value='7323', input_type=str]
E           For further information visit https://errors.pydantic.dev/2.12/v/extra_forbidden
E       db_connect_timeout
E         Extra inputs are not permitted [type=extra_forbidden, input_value='10', input_type=str]
E           For further information visit https://errors.pydantic.dev/2.12/v/extra_forbidden
E       db_application_name
E         Extra inputs are not permitted [type=extra_forbidden, input_value='InmobiliariaVelar', input_type=str]
E           For further information visit https://errors.pydantic.dev/2.12/v/extra_forbidden
E       db_pool_min
E         Extra inputs are not permitted [type=extra_forbidden, input_value='1', input_type=str]
E           For further information visit https://errors.pydantic.dev/2.12/v/extra_forbidden
E       db_pool_max
E         Extra inputs are not permitted [type=extra_forbidden, input_value='10', input_type=str]
E           For further information visit https://errors.pydantic.dev/2.12/v/extra_forbidden
E       db_mode
E         Extra inputs are not permitted [type=extra_forbidden, input_value='postgresql', input_type=str]
E           For further information visit https://errors.pydantic.dev/2.12/v/extra_forbidden
E       database_path_legacy
E         Extra inputs are not permitted [type=extra_forbidden, input_value='migraciones/DB_Inmo_Velar.db', input_type=str]
E           For further information visit https://errors.pydantic.dev/2.12/v/extra_forbidden

C:\Users\PC\AppData\Roaming\Python\Python312\site-packages\pydantic_settings\main.py:193: ValidationError
__ ERROR at setup of TestServicioRecibosPublicos.test_validaciones_registro ___

tmp_path = WindowsPath('C:/Users/PC/AppData/Local/Temp/pytest-of-PC/pytest-2/test_validaciones_registro0')

    @pytest.fixture
    def db_manager(tmp_path):
        db_file = tmp_path / "test_servicio.db"
        # Reiniciar Singleton para test
        DatabaseManager._instance = None
        import src.infraestructura.persistencia.database as db_module
        db_module.USE_POSTGRESQL = False
        db_module.DB_MODE = 'sqlite'
    
>       manager = DatabaseManager()
                  ^^^^^^^^^^^^^^^^^

tests\integration\test_servicio_recibos_publicos.py:48: 
_ _ _ _ _ _ _ _ _ _ _ _ _ _ _ _ _ _ _ _ _ _ _ _ _ _ _ _ _ _ _ _ _ _ _ _ _ _ _ _
src\infraestructura\persistencia\database.py:139: in __init__
    config = obtener_configuracion()
             ^^^^^^^^^^^^^^^^^^^^^^^
src\infraestructura\configuracion\settings.py:118: in obtener_configuracion
    _settings_instance = Settings()
                         ^^^^^^^^^^
_ _ _ _ _ _ _ _ _ _ _ _ _ _ _ _ _ _ _ _ _ _ _ _ _ _ _ _ _ _ _ _ _ _ _ _ _ _ _ _

__pydantic_self__ = Settings(), _case_sensitive = None
_nested_model_default_partial_update = None, _env_prefix = None
_env_file = WindowsPath('.'), _env_file_encoding = None
_env_ignore_empty = None, _env_nested_delimiter = None
_env_nested_max_split = None, _env_parse_none_str = None
_env_parse_enums = None, _cli_prog_name = None, _cli_parse_args = None
_cli_settings_source = None, _cli_parse_none_str = None
_cli_hide_none_type = None, _cli_avoid_json = None, _cli_enforce_required = None
_cli_use_class_docs_for_groups = None, _cli_exit_on_error = None
_cli_prefix = None, _cli_flag_prefix_char = None, _cli_implicit_flags = None
_cli_ignore_unknown_args = None, _cli_kebab_case = None, _cli_shortcuts = None
_secrets_dir = None, values = {}

    def __init__(
        __pydantic_self__,
        _case_sensitive: bool | None = None,
        _nested_model_default_partial_update: bool | None = None,
        _env_prefix: str | None = None,
        _env_file: DotenvType | None = ENV_FILE_SENTINEL,
        _env_file_encoding: str | None = None,
        _env_ignore_empty: bool | None = None,
        _env_nested_delimiter: str | None = None,
        _env_nested_max_split: int | None = None,
        _env_parse_none_str: str | None = None,
        _env_parse_enums: bool | None = None,
        _cli_prog_name: str | None = None,
        _cli_parse_args: bool | list[str] | tuple[str, ...] | None = None,
        _cli_settings_source: CliSettingsSource[Any] | None = None,
        _cli_parse_none_str: str | None = None,
        _cli_hide_none_type: bool | None = None,
        _cli_avoid_json: bool | None = None,
        _cli_enforce_required: bool | None = None,
        _cli_use_class_docs_for_groups: bool | None = None,
        _cli_exit_on_error: bool | None = None,
        _cli_prefix: str | None = None,
        _cli_flag_prefix_char: str | None = None,
        _cli_implicit_flags: bool | None = None,
        _cli_ignore_unknown_args: bool | None = None,
        _cli_kebab_case: bool | None = None,
        _cli_shortcuts: Mapping[str, str | list[str]] | None = None,
        _secrets_dir: PathType | None = None,
        **values: Any,
    ) -> None:
>       super().__init__(
            **__pydantic_self__._settings_build_values(
                values,
                _case_sensitive=_case_sensitive,
                _nested_model_default_partial_update=_nested_model_default_partial_update,
                _env_prefix=_env_prefix,
                _env_file=_env_file,
                _env_file_encoding=_env_file_encoding,
                _env_ignore_empty=_env_ignore_empty,
                _env_nested_delimiter=_env_nested_delimiter,
                _env_nested_max_split=_env_nested_max_split,
                _env_parse_none_str=_env_parse_none_str,
                _env_parse_enums=_env_parse_enums,
                _cli_prog_name=_cli_prog_name,
                _cli_parse_args=_cli_parse_args,
                _cli_settings_source=_cli_settings_source,
                _cli_parse_none_str=_cli_parse_none_str,
                _cli_hide_none_type=_cli_hide_none_type,
                _cli_avoid_json=_cli_avoid_json,
                _cli_enforce_required=_cli_enforce_required,
                _cli_use_class_docs_for_groups=_cli_use_class_docs_for_groups,
                _cli_exit_on_error=_cli_exit_on_error,
                _cli_prefix=_cli_prefix,
                _cli_flag_prefix_char=_cli_flag_prefix_char,
                _cli_implicit_flags=_cli_implicit_flags,
                _cli_ignore_unknown_args=_cli_ignore_unknown_args,
                _cli_kebab_case=_cli_kebab_case,
                _cli_shortcuts=_cli_shortcuts,
                _secrets_dir=_secrets_dir,
            )
        )
E       pydantic_core._pydantic_core.ValidationError: 11 validation errors for Settings
E       db_host
E         Extra inputs are not permitted [type=extra_forbidden, input_value='localhost', input_type=str]
E           For further information visit https://errors.pydantic.dev/2.12/v/extra_forbidden
E       db_port
E         Extra inputs are not permitted [type=extra_forbidden, input_value='5432', input_type=str]
E           For further information visit https://errors.pydantic.dev/2.12/v/extra_forbidden
E       db_name
E         Extra inputs are not permitted [type=extra_forbidden, input_value='db_inmo_velar', input_type=str]
E           For further information visit https://errors.pydantic.dev/2.12/v/extra_forbidden
E       db_user
E         Extra inputs are not permitted [type=extra_forbidden, input_value='postgres', input_type=str]
E           For further information visit https://errors.pydantic.dev/2.12/v/extra_forbidden
E       db_password
E         Extra inputs are not permitted [type=extra_forbidden, input_value='7323', input_type=str]
E           For further information visit https://errors.pydantic.dev/2.12/v/extra_forbidden
E       db_connect_timeout
E         Extra inputs are not permitted [type=extra_forbidden, input_value='10', input_type=str]
E           For further information visit https://errors.pydantic.dev/2.12/v/extra_forbidden
E       db_application_name
E         Extra inputs are not permitted [type=extra_forbidden, input_value='InmobiliariaVelar', input_type=str]
E           For further information visit https://errors.pydantic.dev/2.12/v/extra_forbidden
E       db_pool_min
E         Extra inputs are not permitted [type=extra_forbidden, input_value='1', input_type=str]
E           For further information visit https://errors.pydantic.dev/2.12/v/extra_forbidden
E       db_pool_max
E         Extra inputs are not permitted [type=extra_forbidden, input_value='10', input_type=str]
E           For further information visit https://errors.pydantic.dev/2.12/v/extra_forbidden
E       db_mode
E         Extra inputs are not permitted [type=extra_forbidden, input_value='postgresql', input_type=str]
E           For further information visit https://errors.pydantic.dev/2.12/v/extra_forbidden
E       database_path_legacy
E         Extra inputs are not permitted [type=extra_forbidden, input_value='migraciones/DB_Inmo_Velar.db', input_type=str]
E           For further information visit https://errors.pydantic.dev/2.12/v/extra_forbidden

C:\Users\PC\AppData\Roaming\Python\Python312\site-packages\pydantic_settings\main.py:193: ValidationError
______ ERROR at setup of TestServicioRecibosPublicos.test_marcar_pagado _______

tmp_path = WindowsPath('C:/Users/PC/AppData/Local/Temp/pytest-of-PC/pytest-2/test_marcar_pagado0')

    @pytest.fixture
    def db_manager(tmp_path):
        db_file = tmp_path / "test_servicio.db"
        # Reiniciar Singleton para test
        DatabaseManager._instance = None
        import src.infraestructura.persistencia.database as db_module
        db_module.USE_POSTGRESQL = False
        db_module.DB_MODE = 'sqlite'
    
>       manager = DatabaseManager()
                  ^^^^^^^^^^^^^^^^^

tests\integration\test_servicio_recibos_publicos.py:48: 
_ _ _ _ _ _ _ _ _ _ _ _ _ _ _ _ _ _ _ _ _ _ _ _ _ _ _ _ _ _ _ _ _ _ _ _ _ _ _ _
src\infraestructura\persistencia\database.py:139: in __init__
    config = obtener_configuracion()
             ^^^^^^^^^^^^^^^^^^^^^^^
src\infraestructura\configuracion\settings.py:118: in obtener_configuracion
    _settings_instance = Settings()
                         ^^^^^^^^^^
_ _ _ _ _ _ _ _ _ _ _ _ _ _ _ _ _ _ _ _ _ _ _ _ _ _ _ _ _ _ _ _ _ _ _ _ _ _ _ _

__pydantic_self__ = Settings(), _case_sensitive = None
_nested_model_default_partial_update = None, _env_prefix = None
_env_file = WindowsPath('.'), _env_file_encoding = None
_env_ignore_empty = None, _env_nested_delimiter = None
_env_nested_max_split = None, _env_parse_none_str = None
_env_parse_enums = None, _cli_prog_name = None, _cli_parse_args = None
_cli_settings_source = None, _cli_parse_none_str = None
_cli_hide_none_type = None, _cli_avoid_json = None, _cli_enforce_required = None
_cli_use_class_docs_for_groups = None, _cli_exit_on_error = None
_cli_prefix = None, _cli_flag_prefix_char = None, _cli_implicit_flags = None
_cli_ignore_unknown_args = None, _cli_kebab_case = None, _cli_shortcuts = None
_secrets_dir = None, values = {}

    def __init__(
        __pydantic_self__,
        _case_sensitive: bool | None = None,
        _nested_model_default_partial_update: bool | None = None,
        _env_prefix: str | None = None,
        _env_file: DotenvType | None = ENV_FILE_SENTINEL,
        _env_file_encoding: str | None = None,
        _env_ignore_empty: bool | None = None,
        _env_nested_delimiter: str | None = None,
        _env_nested_max_split: int | None = None,
        _env_parse_none_str: str | None = None,
        _env_parse_enums: bool | None = None,
        _cli_prog_name: str | None = None,
        _cli_parse_args: bool | list[str] | tuple[str, ...] | None = None,
        _cli_settings_source: CliSettingsSource[Any] | None = None,
        _cli_parse_none_str: str | None = None,
        _cli_hide_none_type: bool | None = None,
        _cli_avoid_json: bool | None = None,
        _cli_enforce_required: bool | None = None,
        _cli_use_class_docs_for_groups: bool | None = None,
        _cli_exit_on_error: bool | None = None,
        _cli_prefix: str | None = None,
        _cli_flag_prefix_char: str | None = None,
        _cli_implicit_flags: bool | None = None,
        _cli_ignore_unknown_args: bool | None = None,
        _cli_kebab_case: bool | None = None,
        _cli_shortcuts: Mapping[str, str | list[str]] | None = None,
        _secrets_dir: PathType | None = None,
        **values: Any,
    ) -> None:
>       super().__init__(
            **__pydantic_self__._settings_build_values(
                values,
                _case_sensitive=_case_sensitive,
                _nested_model_default_partial_update=_nested_model_default_partial_update,
                _env_prefix=_env_prefix,
                _env_file=_env_file,
                _env_file_encoding=_env_file_encoding,
                _env_ignore_empty=_env_ignore_empty,
                _env_nested_delimiter=_env_nested_delimiter,
                _env_nested_max_split=_env_nested_max_split,
                _env_parse_none_str=_env_parse_none_str,
                _env_parse_enums=_env_parse_enums,
                _cli_prog_name=_cli_prog_name,
                _cli_parse_args=_cli_parse_args,
                _cli_settings_source=_cli_settings_source,
                _cli_parse_none_str=_cli_parse_none_str,
                _cli_hide_none_type=_cli_hide_none_type,
                _cli_avoid_json=_cli_avoid_json,
                _cli_enforce_required=_cli_enforce_required,
                _cli_use_class_docs_for_groups=_cli_use_class_docs_for_groups,
                _cli_exit_on_error=_cli_exit_on_error,
                _cli_prefix=_cli_prefix,
                _cli_flag_prefix_char=_cli_flag_prefix_char,
                _cli_implicit_flags=_cli_implicit_flags,
                _cli_ignore_unknown_args=_cli_ignore_unknown_args,
                _cli_kebab_case=_cli_kebab_case,
                _cli_shortcuts=_cli_shortcuts,
                _secrets_dir=_secrets_dir,
            )
        )
E       pydantic_core._pydantic_core.ValidationError: 11 validation errors for Settings
E       db_host
E         Extra inputs are not permitted [type=extra_forbidden, input_value='localhost', input_type=str]
E           For further information visit https://errors.pydantic.dev/2.12/v/extra_forbidden
E       db_port
E         Extra inputs are not permitted [type=extra_forbidden, input_value='5432', input_type=str]
E           For further information visit https://errors.pydantic.dev/2.12/v/extra_forbidden
E       db_name
E         Extra inputs are not permitted [type=extra_forbidden, input_value='db_inmo_velar', input_type=str]
E           For further information visit https://errors.pydantic.dev/2.12/v/extra_forbidden
E       db_user
E         Extra inputs are not permitted [type=extra_forbidden, input_value='postgres', input_type=str]
E           For further information visit https://errors.pydantic.dev/2.12/v/extra_forbidden
E       db_password
E         Extra inputs are not permitted [type=extra_forbidden, input_value='7323', input_type=str]
E           For further information visit https://errors.pydantic.dev/2.12/v/extra_forbidden
E       db_connect_timeout
E         Extra inputs are not permitted [type=extra_forbidden, input_value='10', input_type=str]
E           For further information visit https://errors.pydantic.dev/2.12/v/extra_forbidden
E       db_application_name
E         Extra inputs are not permitted [type=extra_forbidden, input_value='InmobiliariaVelar', input_type=str]
E           For further information visit https://errors.pydantic.dev/2.12/v/extra_forbidden
E       db_pool_min
E         Extra inputs are not permitted [type=extra_forbidden, input_value='1', input_type=str]
E           For further information visit https://errors.pydantic.dev/2.12/v/extra_forbidden
E       db_pool_max
E         Extra inputs are not permitted [type=extra_forbidden, input_value='10', input_type=str]
E           For further information visit https://errors.pydantic.dev/2.12/v/extra_forbidden
E       db_mode
E         Extra inputs are not permitted [type=extra_forbidden, input_value='postgresql', input_type=str]
E           For further information visit https://errors.pydantic.dev/2.12/v/extra_forbidden
E       database_path_legacy
E         Extra inputs are not permitted [type=extra_forbidden, input_value='migraciones/DB_Inmo_Velar.db', input_type=str]
E           For further information visit https://errors.pydantic.dev/2.12/v/extra_forbidden

C:\Users\PC\AppData\Roaming\Python\Python312\site-packages\pydantic_settings\main.py:193: ValidationError
__ ERROR at setup of TestServicioRecibosPublicos.test_verificar_vencimientos __

tmp_path = WindowsPath('C:/Users/PC/AppData/Local/Temp/pytest-of-PC/pytest-2/test_verificar_vencimientos0')

    @pytest.fixture
    def db_manager(tmp_path):
        db_file = tmp_path / "test_servicio.db"
        # Reiniciar Singleton para test
        DatabaseManager._instance = None
        import src.infraestructura.persistencia.database as db_module
        db_module.USE_POSTGRESQL = False
        db_module.DB_MODE = 'sqlite'
    
>       manager = DatabaseManager()
                  ^^^^^^^^^^^^^^^^^

tests\integration\test_servicio_recibos_publicos.py:48: 
_ _ _ _ _ _ _ _ _ _ _ _ _ _ _ _ _ _ _ _ _ _ _ _ _ _ _ _ _ _ _ _ _ _ _ _ _ _ _ _
src\infraestructura\persistencia\database.py:139: in __init__
    config = obtener_configuracion()
             ^^^^^^^^^^^^^^^^^^^^^^^
src\infraestructura\configuracion\settings.py:118: in obtener_configuracion
    _settings_instance = Settings()
                         ^^^^^^^^^^
_ _ _ _ _ _ _ _ _ _ _ _ _ _ _ _ _ _ _ _ _ _ _ _ _ _ _ _ _ _ _ _ _ _ _ _ _ _ _ _

__pydantic_self__ = Settings(), _case_sensitive = None
_nested_model_default_partial_update = None, _env_prefix = None
_env_file = WindowsPath('.'), _env_file_encoding = None
_env_ignore_empty = None, _env_nested_delimiter = None
_env_nested_max_split = None, _env_parse_none_str = None
_env_parse_enums = None, _cli_prog_name = None, _cli_parse_args = None
_cli_settings_source = None, _cli_parse_none_str = None
_cli_hide_none_type = None, _cli_avoid_json = None, _cli_enforce_required = None
_cli_use_class_docs_for_groups = None, _cli_exit_on_error = None
_cli_prefix = None, _cli_flag_prefix_char = None, _cli_implicit_flags = None
_cli_ignore_unknown_args = None, _cli_kebab_case = None, _cli_shortcuts = None
_secrets_dir = None, values = {}

    def __init__(
        __pydantic_self__,
        _case_sensitive: bool | None = None,
        _nested_model_default_partial_update: bool | None = None,
        _env_prefix: str | None = None,
        _env_file: DotenvType | None = ENV_FILE_SENTINEL,
        _env_file_encoding: str | None = None,
        _env_ignore_empty: bool | None = None,
        _env_nested_delimiter: str | None = None,
        _env_nested_max_split: int | None = None,
        _env_parse_none_str: str | None = None,
        _env_parse_enums: bool | None = None,
        _cli_prog_name: str | None = None,
        _cli_parse_args: bool | list[str] | tuple[str, ...] | None = None,
        _cli_settings_source: CliSettingsSource[Any] | None = None,
        _cli_parse_none_str: str | None = None,
        _cli_hide_none_type: bool | None = None,
        _cli_avoid_json: bool | None = None,
        _cli_enforce_required: bool | None = None,
        _cli_use_class_docs_for_groups: bool | None = None,
        _cli_exit_on_error: bool | None = None,
        _cli_prefix: str | None = None,
        _cli_flag_prefix_char: str | None = None,
        _cli_implicit_flags: bool | None = None,
        _cli_ignore_unknown_args: bool | None = None,
        _cli_kebab_case: bool | None = None,
        _cli_shortcuts: Mapping[str, str | list[str]] | None = None,
        _secrets_dir: PathType | None = None,
        **values: Any,
    ) -> None:
>       super().__init__(
            **__pydantic_self__._settings_build_values(
                values,
                _case_sensitive=_case_sensitive,
                _nested_model_default_partial_update=_nested_model_default_partial_update,
                _env_prefix=_env_prefix,
                _env_file=_env_file,
                _env_file_encoding=_env_file_encoding,
                _env_ignore_empty=_env_ignore_empty,
                _env_nested_delimiter=_env_nested_delimiter,
                _env_nested_max_split=_env_nested_max_split,
                _env_parse_none_str=_env_parse_none_str,
                _env_parse_enums=_env_parse_enums,
                _cli_prog_name=_cli_prog_name,
                _cli_parse_args=_cli_parse_args,
                _cli_settings_source=_cli_settings_source,
                _cli_parse_none_str=_cli_parse_none_str,
                _cli_hide_none_type=_cli_hide_none_type,
                _cli_avoid_json=_cli_avoid_json,
                _cli_enforce_required=_cli_enforce_required,
                _cli_use_class_docs_for_groups=_cli_use_class_docs_for_groups,
                _cli_exit_on_error=_cli_exit_on_error,
                _cli_prefix=_cli_prefix,
                _cli_flag_prefix_char=_cli_flag_prefix_char,
                _cli_implicit_flags=_cli_implicit_flags,
                _cli_ignore_unknown_args=_cli_ignore_unknown_args,
                _cli_kebab_case=_cli_kebab_case,
                _cli_shortcuts=_cli_shortcuts,
                _secrets_dir=_secrets_dir,
            )
        )
E       pydantic_core._pydantic_core.ValidationError: 11 validation errors for Settings
E       db_host
E         Extra inputs are not permitted [type=extra_forbidden, input_value='localhost', input_type=str]
E           For further information visit https://errors.pydantic.dev/2.12/v/extra_forbidden
E       db_port
E         Extra inputs are not permitted [type=extra_forbidden, input_value='5432', input_type=str]
E           For further information visit https://errors.pydantic.dev/2.12/v/extra_forbidden
E       db_name
E         Extra inputs are not permitted [type=extra_forbidden, input_value='db_inmo_velar', input_type=str]
E           For further information visit https://errors.pydantic.dev/2.12/v/extra_forbidden
E       db_user
E         Extra inputs are not permitted [type=extra_forbidden, input_value='postgres', input_type=str]
E           For further information visit https://errors.pydantic.dev/2.12/v/extra_forbidden
E       db_password
E         Extra inputs are not permitted [type=extra_forbidden, input_value='7323', input_type=str]
E           For further information visit https://errors.pydantic.dev/2.12/v/extra_forbidden
E       db_connect_timeout
E         Extra inputs are not permitted [type=extra_forbidden, input_value='10', input_type=str]
E           For further information visit https://errors.pydantic.dev/2.12/v/extra_forbidden
E       db_application_name
E         Extra inputs are not permitted [type=extra_forbidden, input_value='InmobiliariaVelar', input_type=str]
E           For further information visit https://errors.pydantic.dev/2.12/v/extra_forbidden
E       db_pool_min
E         Extra inputs are not permitted [type=extra_forbidden, input_value='1', input_type=str]
E           For further information visit https://errors.pydantic.dev/2.12/v/extra_forbidden
E       db_pool_max
E         Extra inputs are not permitted [type=extra_forbidden, input_value='10', input_type=str]
E           For further information visit https://errors.pydantic.dev/2.12/v/extra_forbidden
E       db_mode
E         Extra inputs are not permitted [type=extra_forbidden, input_value='postgresql', input_type=str]
E           For further information visit https://errors.pydantic.dev/2.12/v/extra_forbidden
E       database_path_legacy
E         Extra inputs are not permitted [type=extra_forbidden, input_value='migraciones/DB_Inmo_Velar.db', input_type=str]
E           For further information visit https://errors.pydantic.dev/2.12/v/extra_forbidden

C:\Users\PC\AppData\Roaming\Python\Python312\site-packages\pydantic_settings\main.py:193: ValidationError
_____ ERROR at setup of TestServicioRecibosPublicos.test_obtener_resumen ______

tmp_path = WindowsPath('C:/Users/PC/AppData/Local/Temp/pytest-of-PC/pytest-2/test_obtener_resumen0')

    @pytest.fixture
    def db_manager(tmp_path):
        db_file = tmp_path / "test_servicio.db"
        # Reiniciar Singleton para test
        DatabaseManager._instance = None
        import src.infraestructura.persistencia.database as db_module
        db_module.USE_POSTGRESQL = False
        db_module.DB_MODE = 'sqlite'
    
>       manager = DatabaseManager()
                  ^^^^^^^^^^^^^^^^^

tests\integration\test_servicio_recibos_publicos.py:48: 
_ _ _ _ _ _ _ _ _ _ _ _ _ _ _ _ _ _ _ _ _ _ _ _ _ _ _ _ _ _ _ _ _ _ _ _ _ _ _ _
src\infraestructura\persistencia\database.py:139: in __init__
    config = obtener_configuracion()
             ^^^^^^^^^^^^^^^^^^^^^^^
src\infraestructura\configuracion\settings.py:118: in obtener_configuracion
    _settings_instance = Settings()
                         ^^^^^^^^^^
_ _ _ _ _ _ _ _ _ _ _ _ _ _ _ _ _ _ _ _ _ _ _ _ _ _ _ _ _ _ _ _ _ _ _ _ _ _ _ _

__pydantic_self__ = Settings(), _case_sensitive = None
_nested_model_default_partial_update = None, _env_prefix = None
_env_file = WindowsPath('.'), _env_file_encoding = None
_env_ignore_empty = None, _env_nested_delimiter = None
_env_nested_max_split = None, _env_parse_none_str = None
_env_parse_enums = None, _cli_prog_name = None, _cli_parse_args = None
_cli_settings_source = None, _cli_parse_none_str = None
_cli_hide_none_type = None, _cli_avoid_json = None, _cli_enforce_required = None
_cli_use_class_docs_for_groups = None, _cli_exit_on_error = None
_cli_prefix = None, _cli_flag_prefix_char = None, _cli_implicit_flags = None
_cli_ignore_unknown_args = None, _cli_kebab_case = None, _cli_shortcuts = None
_secrets_dir = None, values = {}

    def __init__(
        __pydantic_self__,
        _case_sensitive: bool | None = None,
        _nested_model_default_partial_update: bool | None = None,
        _env_prefix: str | None = None,
        _env_file: DotenvType | None = ENV_FILE_SENTINEL,
        _env_file_encoding: str | None = None,
        _env_ignore_empty: bool | None = None,
        _env_nested_delimiter: str | None = None,
        _env_nested_max_split: int | None = None,
        _env_parse_none_str: str | None = None,
        _env_parse_enums: bool | None = None,
        _cli_prog_name: str | None = None,
        _cli_parse_args: bool | list[str] | tuple[str, ...] | None = None,
        _cli_settings_source: CliSettingsSource[Any] | None = None,
        _cli_parse_none_str: str | None = None,
        _cli_hide_none_type: bool | None = None,
        _cli_avoid_json: bool | None = None,
        _cli_enforce_required: bool | None = None,
        _cli_use_class_docs_for_groups: bool | None = None,
        _cli_exit_on_error: bool | None = None,
        _cli_prefix: str | None = None,
        _cli_flag_prefix_char: str | None = None,
        _cli_implicit_flags: bool | None = None,
        _cli_ignore_unknown_args: bool | None = None,
        _cli_kebab_case: bool | None = None,
        _cli_shortcuts: Mapping[str, str | list[str]] | None = None,
        _secrets_dir: PathType | None = None,
        **values: Any,
    ) -> None:
>       super().__init__(
            **__pydantic_self__._settings_build_values(
                values,
                _case_sensitive=_case_sensitive,
                _nested_model_default_partial_update=_nested_model_default_partial_update,
                _env_prefix=_env_prefix,
                _env_file=_env_file,
                _env_file_encoding=_env_file_encoding,
                _env_ignore_empty=_env_ignore_empty,
                _env_nested_delimiter=_env_nested_delimiter,
                _env_nested_max_split=_env_nested_max_split,
                _env_parse_none_str=_env_parse_none_str,
                _env_parse_enums=_env_parse_enums,
                _cli_prog_name=_cli_prog_name,
                _cli_parse_args=_cli_parse_args,
                _cli_settings_source=_cli_settings_source,
                _cli_parse_none_str=_cli_parse_none_str,
                _cli_hide_none_type=_cli_hide_none_type,
                _cli_avoid_json=_cli_avoid_json,
                _cli_enforce_required=_cli_enforce_required,
                _cli_use_class_docs_for_groups=_cli_use_class_docs_for_groups,
                _cli_exit_on_error=_cli_exit_on_error,
                _cli_prefix=_cli_prefix,
                _cli_flag_prefix_char=_cli_flag_prefix_char,
                _cli_implicit_flags=_cli_implicit_flags,
                _cli_ignore_unknown_args=_cli_ignore_unknown_args,
                _cli_kebab_case=_cli_kebab_case,
                _cli_shortcuts=_cli_shortcuts,
                _secrets_dir=_secrets_dir,
            )
        )
E       pydantic_core._pydantic_core.ValidationError: 11 validation errors for Settings
E       db_host
E         Extra inputs are not permitted [type=extra_forbidden, input_value='localhost', input_type=str]
E           For further information visit https://errors.pydantic.dev/2.12/v/extra_forbidden
E       db_port
E         Extra inputs are not permitted [type=extra_forbidden, input_value='5432', input_type=str]
E           For further information visit https://errors.pydantic.dev/2.12/v/extra_forbidden
E       db_name
E         Extra inputs are not permitted [type=extra_forbidden, input_value='db_inmo_velar', input_type=str]
E           For further information visit https://errors.pydantic.dev/2.12/v/extra_forbidden
E       db_user
E         Extra inputs are not permitted [type=extra_forbidden, input_value='postgres', input_type=str]
E           For further information visit https://errors.pydantic.dev/2.12/v/extra_forbidden
E       db_password
E         Extra inputs are not permitted [type=extra_forbidden, input_value='7323', input_type=str]
E           For further information visit https://errors.pydantic.dev/2.12/v/extra_forbidden
E       db_connect_timeout
E         Extra inputs are not permitted [type=extra_forbidden, input_value='10', input_type=str]
E           For further information visit https://errors.pydantic.dev/2.12/v/extra_forbidden
E       db_application_name
E         Extra inputs are not permitted [type=extra_forbidden, input_value='InmobiliariaVelar', input_type=str]
E           For further information visit https://errors.pydantic.dev/2.12/v/extra_forbidden
E       db_pool_min
E         Extra inputs are not permitted [type=extra_forbidden, input_value='1', input_type=str]
E           For further information visit https://errors.pydantic.dev/2.12/v/extra_forbidden
E       db_pool_max
E         Extra inputs are not permitted [type=extra_forbidden, input_value='10', input_type=str]
E           For further information visit https://errors.pydantic.dev/2.12/v/extra_forbidden
E       db_mode
E         Extra inputs are not permitted [type=extra_forbidden, input_value='postgresql', input_type=str]
E           For further information visit https://errors.pydantic.dev/2.12/v/extra_forbidden
E       database_path_legacy
E         Extra inputs are not permitted [type=extra_forbidden, input_value='migraciones/DB_Inmo_Velar.db', input_type=str]
E           For further information visit https://errors.pydantic.dev/2.12/v/extra_forbidden

C:\Users\PC\AppData\Roaming\Python\Python312\site-packages\pydantic_settings\main.py:193: ValidationError
============================== warnings summary ===============================
src\infraestructura\configuracion\settings.py:13
  C:\Users\PC\OneDrive\Desktop\inmobiliaria velar\PYTHON-REFLEX\src\infraestructura\configuracion\settings.py:13: PydanticDeprecatedSince20: Support for class-based `config` is deprecated, use ConfigDict instead. Deprecated in Pydantic V2.0 to be removed in V3.0. See Pydantic V2 Migration Guide at https://errors.pydantic.dev/2.12/migration/
    class Settings(BaseSettings):

-- Docs: https://docs.pytest.org/en/stable/how-to/capture-warnings.html
=========================== short test summary info ===========================
ERROR tests/integration/test_servicio_recibos_publicos.py::TestServicioRecibosPublicos::test_registrar_recibo_exitoso
ERROR tests/integration/test_servicio_recibos_publicos.py::TestServicioRecibosPublicos::test_registrar_recibo_dates_invalidas
ERROR tests/integration/test_servicio_recibos_publicos.py::TestServicioRecibosPublicos::test_registrar_recibo_propiedad_inexistente
ERROR tests/integration/test_servicio_recibos_publicos.py::TestServicioRecibosPublicos::test_validaciones_registro
ERROR tests/integration/test_servicio_recibos_publicos.py::TestServicioRecibosPublicos::test_marcar_pagado
ERROR tests/integration/test_servicio_recibos_publicos.py::TestServicioRecibosPublicos::test_verificar_vencimientos
ERROR tests/integration/test_servicio_recibos_publicos.py::TestServicioRecibosPublicos::test_obtener_resumen
======================== 1 warning, 7 errors in 0.66s =========================
